
                            < M A T L A B (R) >
                  Copyright 1984-2023 The MathWorks, Inc.
             R2023a Update 5 (9.14.0.2337262) 64-bit (glnxa64)
                               July 24, 2023

 
To get started, type doc.
For product information, visit www.mathworks.com.
 
pat_ix=7Processing patient 128632..
Processing patient 128632
Processing directory: 128632
>Skin : 128632_skin.stl : 0.4650 : FreeSpace
>Skull : 128632_skull.stl : 0.010 : Skin
>CSF : 128632_csf.stl : 1.654 : Skull
>GM : 128632_gm.stl : 0.2750 : CSF
>Cerebellum : 128632_cerebellum.stl : 0.126 : CSF
>WM : 128632_wm.stl : 0.1260 : GM
>Ventricles : 128632_ventricles.stl : 1.654 : WM
Creating BEM-FMM model..
Successfully loaded file [../data/patients/128632/mesh_data/128632_skin.stl]
Successfully loaded file [../data/patients/128632/mesh_data/128632_skull.stl]
Successfully loaded file [../data/patients/128632/mesh_data/128632_csf.stl]
Successfully loaded file [../data/patients/128632/mesh_data/128632_gm.stl]
Successfully loaded file [../data/patients/128632/mesh_data/128632_cerebellum.stl]
Successfully loaded file [../data/patients/128632/mesh_data/128632_wm.stl]
Successfully loaded file [../data/patients/128632/mesh_data/128632_ventricles.stl]

LoadBaseDataTime =

   22.4170


SurfaceNormalTime =

    1.6120


InitialConductivityAssignmentTime =

    0.0227

Checking combined mesh for duplicate facets ...
  Evaluating nearest neighbors ...
  Evaluating coincident facets ...
  Found 0 duplicate facets
  Resolving duplicate facets ...
Resolved all duplicate facets

DuplicateFacetTime =

    1.1832


ProcessBaseDataTime =

    6.2427

Starting parallel pool (parpool) using the 'Processes' profile ...
Parallel pool using the 'Processes' profile is shutting down.

