Loading matlab/R2023a
  Loading requirement: mvapich2/gcc/64/2.2rc1
java.lang.UnsatisfiedLinkError: com.mathworks.mde.cmdwin.CmdWinSinkRegistrar.webuiEnabled()Z
	at com.mathworks.mde.cmdwin.CmdWinSinkRegistrar.webuiEnabled(Native Method)
	at com.mathworks.mde.cmdwin.CmdWinSinkRegistrar.isWebuiEnabled(CmdWinSinkRegistrar.java:92)
	at com.mathworks.mde.editor.MatlabBusyIdleStateManager.<clinit>(MatlabBusyIdleStateManager.java:21)
	at com.mathworks.mde.editor.MatlabBatchedBusyIdleStateManager.getInstance(MatlabBatchedBusyIdleStateManager.java:25)
	at com.mathworks.mde.editor.EditorPauseAction.initialize(EditorPauseAction.java:51)
	at com.mathworks.mde.editor.EditorPauseAction.<clinit>(EditorPauseAction.java:33)
	at com.mathworks.mde.editor.plugins.editordataservice.debug.DebuggerInstaller.initializeListeners(DebuggerInstaller.java:101)
	at com.mathworks.mde.editor.plugins.editordataservice.debug.DebuggerInstaller.<init>(DebuggerInstaller.java:79)
	at sun.reflect.NativeConstructorAccessorImpl.newInstance0(Native Method)
	at sun.reflect.NativeConstructorAccessorImpl.newInstance(NativeConstructorAccessorImpl.java:62)
	at sun.reflect.DelegatingConstructorAccessorImpl.newInstance(DelegatingConstructorAccessorImpl.java:45)
	at java.lang.reflect.Constructor.newInstance(Constructor.java:423)
	at java.lang.Class.newInstance(Class.java:442)
	at com.mathworks.services.editordataservice.EditorDataServiceManager.initializeSingletonEditorFeatures(EditorDataServiceManager.java:120)
	at com.mathworks.services.editordataservice.EditorDataServiceManager.initialize(EditorDataServiceManager.java:95)
	at com.mathworks.matlabserver.connector.impl.ConnectorImpl.startEditor(ConnectorImpl.java:565)
	at com.mathworks.matlabserver.connector.impl.ConnectorImpl.doStart(ConnectorImpl.java:422)
	at com.mathworks.matlabserver.connector.impl.ConnectorImpl.doEnsureServiceOn(ConnectorImpl.java:237)
	at com.mathworks.matlabserver.connector.api.Connector.ensureServiceOn(Connector.java:150)
	at com.mathworks.matlab_login.MatlabLogin.initializeLoginServices(Unknown Source)
	at com.mathworks.toolbox.distcomp.mwlogin.MatlabLoginController.<clinit>(MatlabLoginController.java:42)
	at java.lang.Class.forName0(Native Method)
	at java.lang.Class.forName(Class.java:264)
	at com.mathworks.jmi.OpaqueJavaInterface.findClass(OpaqueJavaInterface.java:137)
Exception in thread "AWT-EventQueue-0" java.lang.InternalError: java.io.FileNotFoundException: /cm/shared/apps/matlab/R2023a/sys/java/jre/glnxa64/jre/lib/resources.jar (Too many open files in system)
	at sun.misc.URLClassPath$JarLoader.getResource(URLClassPath.java:1052)
	at sun.misc.URLClassPath.getResource(URLClassPath.java:249)
	at sun.misc.URLClassPath.getResource(URLClassPath.java:302)
	at java.lang.ClassLoader.getBootstrapResource(ClassLoader.java:1264)
	at java.lang.ClassLoader.getResource(ClassLoader.java:1093)
	at java.lang.ClassLoader.getResource(ClassLoader.java:1091)
	at java.lang.ClassLoader.getSystemResource(ClassLoader.java:1226)
	at java.lang.ClassLoader.getSystemResourceAsStream(ClassLoader.java:1329)
	at java.lang.Class.getResourceAsStream(Class.java:2221)
	at sun.swing.SwingUtilities2$2$1.run(SwingUtilities2.java:1549)
	at sun.swing.SwingUtilities2$2$1.run(SwingUtilities2.java:1542)
	at java.security.AccessController.doPrivileged(Native Method)
	at sun.swing.SwingUtilities2$2.createValue(SwingUtilities2.java:1541)
	at javax.swing.UIDefaults.getFromHashtable(UIDefaults.java:216)
	at javax.swing.UIDefaults.get(UIDefaults.java:264)
	at javax.swing.MultiUIDefaults.get(MultiUIDefaults.java:82)
	at javax.swing.UIManager.get(UIManager.java:971)
	at sun.swing.DefaultLookup.get(DefaultLookup.java:99)
	at javax.swing.plaf.basic.BasicOptionPaneUI.getIconForType(BasicOptionPaneUI.java:568)
	at javax.swing.plaf.basic.BasicOptionPaneUI.getIcon(BasicOptionPaneUI.java:542)
	at javax.swing.plaf.basic.BasicOptionPaneUI.createMessageArea(BasicOptionPaneUI.java:304)
	at javax.swing.plaf.basic.BasicOptionPaneUI.installComponents(BasicOptionPaneUI.java:172)
	at javax.swing.plaf.basic.BasicOptionPaneUI.installUI(BasicOptionPaneUI.java:141)
	at javax.swing.JComponent.setUI(JComponent.java:666)
	at javax.swing.JOptionPane.setUI(JOptionPane.java:1860)
	at javax.swing.JOptionPane.updateUI(JOptionPane.java:1882)
	at javax.swing.JOptionPane.<init>(JOptionPane.java:1845)
	at javax.swing.JOptionPane.<init>(JOptionPane.java:1808)
	at javax.swing.JOptionPane.<init>(JOptionPane.java:1776)
	at javax.swing.JOptionPane.<init>(JOptionPane.java:1754)
	at com.mathworks.mde.cmdwin.LoadNativeCmdWin$1$1.<init>(LoadNativeCmdWin.java:34)
	at com.mathworks.mde.cmdwin.LoadNativeCmdWin$1.run(LoadNativeCmdWin.java:32)
	at java.awt.event.InvocationEvent.dispatch(InvocationEvent.java:311)
	at java.awt.EventQueue.dispatchEventImpl(EventQueue.java:758)
	at java.awt.EventQueue.access$500(EventQueue.java:97)
	at java.awt.EventQueue$3.run(EventQueue.java:709)
	at java.awt.EventQueue$3.run(EventQueue.java:703)
	at java.security.AccessController.doPrivileged(Native Method)
	at java.security.ProtectionDomain$JavaSecurityAccessImpl.doIntersectionPrivilege(ProtectionDomain.java:74)
	at java.awt.EventQueue.dispatchEvent(EventQueue.java:728)
	at java.awt.EventDispatchThread.pumpOneEventForFilters(EventDispatchThread.java:205)
	at java.awt.EventDispatchThread.pumpEventsForFilter(EventDispatchThread.java:116)
	at java.awt.EventDispatchThread.pumpEventsForHierarchy(EventDispatchThread.java:105)
	at java.awt.EventDispatchThread.pumpEvents(EventDispatchThread.java:101)
	at java.awt.EventDispatchThread.pumpEvents(EventDispatchThread.java:93)
	at java.awt.EventDispatchThread.run(EventDispatchThread.java:82)
Caused by: java.io.FileNotFoundException: /cm/shared/apps/matlab/R2023a/sys/java/jre/glnxa64/jre/lib/resources.jar (Too many open files in system)
	at java.util.zip.ZipFile.open(Native Method)
	at java.util.zip.ZipFile.<init>(ZipFile.java:225)
	at java.util.zip.ZipFile.<init>(ZipFile.java:155)
	at java.util.jar.JarFile.<init>(JarFile.java:166)
	at java.util.jar.JarFile.<init>(JarFile.java:103)
	at sun.misc.URLClassPath$JarLoader.getJarFile(URLClassPath.java:940)
	at sun.misc.URLClassPath$JarLoader.access$800(URLClassPath.java:801)
	at sun.misc.URLClassPath$JarLoader$1.run(URLClassPath.java:886)
	at sun.misc.URLClassPath$JarLoader$1.run(URLClassPath.java:879)
	at java.security.AccessController.doPrivileged(Native Method)
	at sun.misc.URLClassPath$JarLoader.ensureOpen(URLClassPath.java:878)
	at sun.misc.URLClassPath$JarLoader.getResource(URLClassPath.java:1050)
	... 45 more
