
                            < M A T L A B (R) >
                  Copyright 1984-2023 The MathWorks, Inc.
             R2023a Update 5 (9.14.0.2337262) 64-bit (glnxa64)
                               July 24, 2023

 
To get started, type doc.
For product information, visit www.mathworks.com.
 
pat_ix=10Processing patient 138534..
Processing patient 138534
Processing directory: 138534
[Warning: This model folder existed previously! Make sure that the data is
saved. Proceeding anyway..] 
[> In s1_parameter_selection (line 27)
In run (line 91)
In create_BEM_model (line 46)] 
>Skin : 138534_skin_headreco.stl : 0.4650 : FreeSpace
>Skull : 138534_bone_headreco.stl : 0.010 : Skin
>CSF : 138534_csf_headreco.stl : 1.654 : Skull
>GM : 138534_gm_headreco.stl : 0.2750 : CSF
>WM : 138534_wm_headreco.stl : 0.1260 : GM
>Eyes : 138534_eyes_headreco.stl : 1.654 : Skin
>Ventricles : 138534_ventricles_headreco.stl : 1.654 : WM
Creating BEM-FMM model..
Successfully loaded file [../data/patients/138534/mesh_data/138534_skin_headreco.stl]
Successfully loaded file [../data/patients/138534/mesh_data/138534_bone_headreco.stl]
Successfully loaded file [../data/patients/138534/mesh_data/138534_csf_headreco.stl]
Successfully loaded file [../data/patients/138534/mesh_data/138534_gm_headreco.stl]
Successfully loaded file [../data/patients/138534/mesh_data/138534_wm_headreco.stl]
Successfully loaded file [../data/patients/138534/mesh_data/138534_eyes_headreco.stl]
Successfully loaded file [../data/patients/138534/mesh_data/138534_ventricles_headreco.stl]

LoadBaseDataTime =

    3.1449


SurfaceNormalTime =

    1.8714


InitialConductivityAssignmentTime =

    0.0279

Checking combined mesh for duplicate facets ...
  Evaluating nearest neighbors ...
  Evaluating coincident facets ...
  Found 0 duplicate facets
  Resolving duplicate facets ...
Resolved all duplicate facets

DuplicateFacetTime =

    1.4289


ProcessBaseDataTime =

    6.3597

Starting parallel pool (parpool) using the 'Processes' profile ...
Parallel pool using the 'Processes' profile is shutting down.

